TN:
SF:src/BaseLLGaugeCompounderStrategy.sol
DA:41,24
FN:41,BaseLLGaugeCompounderStrategy.constructor
FNDA:24,BaseLLGaugeCompounderStrategy.constructor
DA:52,24
DA:53,24
DA:54,24
BRDA:54,0,0,-
BRDA:54,0,1,24
DA:55,0
DA:57,24
DA:64,1056
FN:64,BaseLLGaugeCompounderStrategy._claimAndSellRewards
FNDA:1056,BaseLLGaugeCompounderStrategy._claimAndSellRewards
DA:65,1056
DA:67,1056
BRDA:67,1,0,1056
DA:68,1056
DA:72,1056
DA:73,0
DA:74,0
DA:75,0
BRDA:75,2,0,-
DA:76,0
DA:95,264
FN:95,BaseLLGaugeCompounderStrategy.receiveFlashLoan
FNDA:264,BaseLLGaugeCompounderStrategy.receiveFlashLoan
DA:101,264
BRDA:101,3,0,-
BRDA:101,3,1,264
DA:102,264
BRDA:102,4,0,-
BRDA:102,4,1,264
DA:103,264
DA:109,0
FN:109,BaseLLGaugeCompounderStrategy.setDontDumpDYfi
FNDA:0,BaseLLGaugeCompounderStrategy.setDontDumpDYfi
DA:110,0
DA:116,0
FN:116,BaseLLGaugeCompounderStrategy.setDontSwapWeth
FNDA:0,BaseLLGaugeCompounderStrategy.setDontSwapWeth
DA:117,0
DA:123,0
FN:123,BaseLLGaugeCompounderStrategy.setUseAuctions
FNDA:0,BaseLLGaugeCompounderStrategy.setUseAuctions
DA:124,0
DA:130,0
FN:130,BaseLLGaugeCompounderStrategy.setWethToAssetSwapFee
FNDA:0,BaseLLGaugeCompounderStrategy.setWethToAssetSwapFee
DA:133,0
DA:139,0
FN:139,BaseLLGaugeCompounderStrategy.setMinWethToSwap
FNDA:0,BaseLLGaugeCompounderStrategy.setMinWethToSwap
DA:140,0
FNF:8
FNH:3
LF:29
LH:14
BRF:8
BRH:4
end_of_record
TN:
SF:src/CoveGaugeCompounderStrategy.sol
DA:28,8
FN:28,CoveGaugeCompounderStrategy.constructor
FNDA:8,CoveGaugeCompounderStrategy.constructor
DA:33,8
DA:38,8
DA:39,8
DA:45,0
FN:45,CoveGaugeCompounderStrategy.vaultsMaxWithdraw
FNDA:0,CoveGaugeCompounderStrategy.vaultsMaxWithdraw
DA:48,656
DA:49,656
DA:59,564
FN:59,CoveGaugeCompounderStrategy._stake
FNDA:564,CoveGaugeCompounderStrategy._stake
DA:60,564
DA:64,564
DA:65,564
DA:71,564
FN:71,CoveGaugeCompounderStrategy._unStake
FNDA:564,CoveGaugeCompounderStrategy._unStake
DA:72,564
DA:73,564
DA:79,0
FN:79,CoveGaugeCompounderStrategy.balanceOfStake
FNDA:0,CoveGaugeCompounderStrategy.balanceOfStake
DA:80,380
DA:81,380
DA:87,380
FN:87,CoveGaugeCompounderStrategy._claimDYfi
FNDA:380,CoveGaugeCompounderStrategy._claimDYfi
DA:88,380
FNF:6
FNH:4
LF:19
LH:17
BRF:0
BRH:0
end_of_record
TN:
SF:src/OneUpGaugeCompounderStrategy.sol
DA:33,8
FN:33,OneUpGaugeCompounderStrategy.constructor
FNDA:8,OneUpGaugeCompounderStrategy.constructor
DA:38,8
DA:39,8
DA:41,8
DA:47,0
FN:47,OneUpGaugeCompounderStrategy.vaultsMaxWithdraw
FNDA:0,OneUpGaugeCompounderStrategy.vaultsMaxWithdraw
DA:50,637
DA:51,637
DA:61,543
FN:61,OneUpGaugeCompounderStrategy._stake
FNDA:543,OneUpGaugeCompounderStrategy._stake
DA:62,543
DA:66,543
DA:72,543
FN:72,OneUpGaugeCompounderStrategy._unStake
FNDA:543,OneUpGaugeCompounderStrategy._unStake
DA:73,543
DA:79,0
FN:79,OneUpGaugeCompounderStrategy.balanceOfStake
FNDA:0,OneUpGaugeCompounderStrategy.balanceOfStake
DA:80,355
DA:81,355
DA:85,355
FN:85,OneUpGaugeCompounderStrategy._claimDYfi
FNDA:355,OneUpGaugeCompounderStrategy._claimDYfi
DA:86,355
DA:87,355
DA:88,355
FNF:6
FNH:4
LF:19
LH:17
BRF:0
BRH:0
end_of_record
TN:
SF:src/StakeDaoCompounderStrategy.sol
DA:29,8
FN:29,StakeDaoGaugeCompounderStrategy.constructor
FNDA:8,StakeDaoGaugeCompounderStrategy.constructor
DA:34,8
DA:37,8
DA:41,8
DA:45,8
DA:54,0
FN:54,StakeDaoGaugeCompounderStrategy.vaultsMaxWithdraw
FNDA:0,StakeDaoGaugeCompounderStrategy.vaultsMaxWithdraw
DA:55,555
DA:56,555
DA:64,477
FN:64,StakeDaoGaugeCompounderStrategy._stake
FNDA:477,StakeDaoGaugeCompounderStrategy._stake
DA:65,477
DA:75,477
FN:75,StakeDaoGaugeCompounderStrategy._unStake
FNDA:477,StakeDaoGaugeCompounderStrategy._unStake
DA:76,477
DA:82,0
FN:82,StakeDaoGaugeCompounderStrategy.balanceOfStake
FNDA:0,StakeDaoGaugeCompounderStrategy.balanceOfStake
DA:83,321
DA:87,321
FN:87,StakeDaoGaugeCompounderStrategy._claimDYfi
FNDA:321,StakeDaoGaugeCompounderStrategy._claimDYfi
DA:88,321
FNF:6
FNH:4
LF:16
LH:14
BRF:0
BRH:0
end_of_record
TN:
SF:src/factories/LLGaugeCompounderStrategiesFactory.sol
DA:49,8
FN:49,LLGaugeCompounderStrategiesFactory.constructor
FNDA:8,LLGaugeCompounderStrategiesFactory.constructor
DA:55,8
DA:56,8
DA:57,8
DA:58,8
DA:67,8
FN:67,LLGaugeCompounderStrategiesFactory.newStrategiesGroup
FNDA:8,LLGaugeCompounderStrategiesFactory.newStrategiesGroup
DA:72,8
DA:73,8
BRDA:73,0,0,-
BRDA:73,0,1,8
DA:75,8
DA:76,8
DA:77,8
DA:90,0
FN:90,LLGaugeCompounderStrategiesFactory.new1UpStrategy
FNDA:0,LLGaugeCompounderStrategiesFactory.new1UpStrategy
DA:95,8
BRDA:95,1,0,-
BRDA:95,1,1,8
DA:98,8
DA:104,8
DA:105,8
DA:106,8
DA:107,8
DA:109,8
DA:111,8
DA:112,8
DA:121,0
FN:121,LLGaugeCompounderStrategiesFactory.newCoveStrategy
FNDA:0,LLGaugeCompounderStrategiesFactory.newCoveStrategy
DA:126,8
BRDA:126,2,0,-
BRDA:126,2,1,8
DA:129,8
DA:135,8
DA:136,8
DA:137,8
DA:138,8
DA:140,8
DA:142,8
DA:143,8
DA:152,0
FN:152,LLGaugeCompounderStrategiesFactory.newStakeDaoStrategy
FNDA:0,LLGaugeCompounderStrategiesFactory.newStakeDaoStrategy
DA:157,8
BRDA:157,3,0,-
BRDA:157,3,1,8
DA:160,8
DA:170,8
DA:171,8
DA:172,8
DA:173,8
DA:175,8
DA:177,8
DA:178,8
DA:186,0
FN:186,LLGaugeCompounderStrategiesFactory.setAddresses
FNDA:0,LLGaugeCompounderStrategiesFactory.setAddresses
DA:191,0
BRDA:191,4,0,-
BRDA:191,4,1,-
DA:192,0
DA:193,0
DA:194,0
DA:201,264
FN:201,LLGaugeCompounderStrategiesFactory.isDeployedStrategy
FNDA:264,LLGaugeCompounderStrategiesFactory.isDeployedStrategy
DA:204,264
DA:205,264
DA:207,264
DA:208,264
FNF:7
FNH:3
LF:51
LH:43
BRF:10
BRH:4
end_of_record
TN:
SF:src/libraries/dYFIHelper.sol
DA:41,1056
FN:41,dYFIHelper.dumpToWeth
FNDA:1056,dYFIHelper.dumpToWeth
DA:42,1056
DA:49,0
FN:49,dYFIHelper.dumpToWeth
FNDA:0,dYFIHelper.dumpToWeth
DA:52,1056
DA:54,870
DA:56,870
DA:57,870
DA:58,870
BRDA:58,1,0,606
BRDA:58,1,1,264
DA:59,606
DA:61,264
DA:64,870
BRDA:64,2,0,264
BRDA:64,2,1,606
DA:66,264
DA:67,264
DA:68,264
DA:69,264
DA:72,264
DA:75,264
DA:77,264
DA:79,606
DA:80,606
DA:92,264
FN:92,dYFIHelper.flashloanLogic
FNDA:264,dYFIHelper.flashloanLogic
DA:94,264
DA:100,264
DA:103,264
DA:106,264
DA:109,264
DA:112,264
DA:115,264
DA:123,1134
FN:123,dYFIHelper.approveSpend
FNDA:1134,dYFIHelper.approveSpend
DA:128,1134
FNF:4
FNH:3
LF:30
LH:29
BRF:4
BRH:4
end_of_record
TN:
SF:src/periphery/StrategyAprOracle.sol
DA:28,0
FN:28,StrategyAprOracle.aprAfterDebtChange
FNDA:0,StrategyAprOracle.aprAfterDebtChange
DA:34,0
FNF:1
FNH:0
LF:2
LH:0
BRF:0
BRH:0
end_of_record
TN:
SF:src/test/utils/ExtendedTest.sol
DA:8,0
FN:8,ExtendedTest.assertNeq
FNDA:0,ExtendedTest.assertNeq
DA:9,0
BRDA:9,0,0,-
DA:10,0
DA:11,0
DA:12,0
DA:13,0
DA:21,0
FN:21,ExtendedTest.assertRelApproxEq
FNDA:0,ExtendedTest.assertRelApproxEq
DA:26,0
DA:27,0
DA:29,0
BRDA:29,1,0,-
DA:30,0
DA:31,0
DA:32,0
DA:33,0
DA:34,0
DA:35,0
DA:41,0
FN:41,ExtendedTest.assertApproxEq
FNDA:0,ExtendedTest.assertApproxEq
DA:46,0
BRDA:46,2,0,-
BRDA:46,2,1,-
DA:47,0
BRDA:47,3,0,-
DA:48,0
DA:49,0
DA:50,0
DA:51,0
DA:54,0
BRDA:54,4,0,-
DA:55,0
DA:56,0
DA:57,0
DA:58,0
DA:64,0
FN:64,ExtendedTest.assertApproxEq
FNDA:0,ExtendedTest.assertApproxEq
DA:70,0
BRDA:70,5,0,-
BRDA:70,5,1,-
DA:71,0
BRDA:71,6,0,-
DA:72,0
DA:73,0
DA:74,0
DA:75,0
DA:78,0
BRDA:78,7,0,-
DA:79,0
DA:80,0
DA:81,0
DA:82,0
FNF:4
FNH:0
LF:40
LH:0
BRF:10
BRH:0
end_of_record
TN:
SF:src/test/utils/Setup.sol
DA:54,8
FN:54,Setup.setUp
FNDA:8,Setup.setUp
DA:55,8
DA:58,8
DA:59,8
DA:62,8
DA:64,8
DA:72,8
DA:74,8
DA:77,8
DA:78,8
DA:79,8
DA:80,8
DA:81,8
DA:82,8
DA:85,0
FN:85,Setup.setUpStrategies
FNDA:0,Setup.setUpStrategies
DA:86,8
DA:87,8
DA:93,8
DA:94,8
DA:95,8
DA:96,8
DA:97,8
DA:98,8
DA:100,8
DA:101,8
DA:102,24
DA:103,24
DA:104,24
DA:106,8
DA:108,8
DA:115,0
FN:115,Setup.depositIntoStrategy
FNDA:0,Setup.depositIntoStrategy
DA:120,1584
DA:121,1584
DA:123,1584
DA:124,1584
DA:127,0
FN:127,Setup.mintAndDepositIntoStrategy
FNDA:0,Setup.mintAndDepositIntoStrategy
DA:132,1584
DA:133,1584
DA:137,0
FN:137,Setup.checkStrategyTotals
FNDA:0,Setup.checkStrategyTotals
DA:143,0
DA:144,0
DA:147,0
DA:148,0
DA:149,0
DA:150,0
DA:151,0
DA:152,0
DA:155,0
FN:155,Setup.airdrop
FNDA:0,Setup.airdrop
DA:156,1848
DA:157,1848
DA:160,0
FN:160,Setup.airdropDYFI
FNDA:0,Setup.airdropDYFI
DA:161,792
DA:162,792
DA:163,792
DA:166,0
FN:166,Setup.maxDYFI
FNDA:0,Setup.maxDYFI
DA:167,792
DA:168,792
DA:187,8
FN:187,Setup._setTokenAddrs
FNDA:8,Setup._setTokenAddrs
DA:188,8
DA:189,8
DA:190,8
DA:191,8
DA:194,2112
FN:194,Setup._isFixtureStrategy
FNDA:2112,Setup._isFixtureStrategy
DA:197,2112
DA:198,4178
DA:200,0
FNF:10
FNH:3
LF:66
LH:50
BRF:0
BRH:0
end_of_record
