TN:
SF:src/BaseLLGaugeCompounderStrategy.sol
DA:40,27
FN:40,BaseLLGaugeCompounderStrategy.constructor
FNDA:27,BaseLLGaugeCompounderStrategy.constructor
DA:51,27
DA:52,27
DA:53,27
BRDA:53,0,0,-
BRDA:53,0,1,27
DA:54,0
DA:56,27
DA:63,5160
FN:63,BaseLLGaugeCompounderStrategy._claimAndSellRewards
FNDA:5160,BaseLLGaugeCompounderStrategy._claimAndSellRewards
DA:64,5160
DA:66,5160
BRDA:66,1,0,5160
DA:67,5160
DA:71,5160
DA:72,0
DA:73,0
DA:74,0
BRDA:74,2,0,-
DA:75,0
DA:94,1032
FN:94,BaseLLGaugeCompounderStrategy.receiveFlashLoan
FNDA:1032,BaseLLGaugeCompounderStrategy.receiveFlashLoan
DA:100,1032
BRDA:100,3,0,-
BRDA:100,3,1,1032
DA:101,1032
BRDA:101,4,0,-
BRDA:101,4,1,1032
DA:102,1032
DA:108,0
FN:108,BaseLLGaugeCompounderStrategy.setDontDumpDYfi
FNDA:0,BaseLLGaugeCompounderStrategy.setDontDumpDYfi
DA:109,0
DA:115,0
FN:115,BaseLLGaugeCompounderStrategy.setDontSwapWeth
FNDA:0,BaseLLGaugeCompounderStrategy.setDontSwapWeth
DA:116,0
DA:122,0
FN:122,BaseLLGaugeCompounderStrategy.setUseAuctions
FNDA:0,BaseLLGaugeCompounderStrategy.setUseAuctions
DA:123,0
DA:129,0
FN:129,BaseLLGaugeCompounderStrategy.setWethToAssetSwapFee
FNDA:0,BaseLLGaugeCompounderStrategy.setWethToAssetSwapFee
DA:132,0
DA:138,0
FN:138,BaseLLGaugeCompounderStrategy.setMinWethToSwap
FNDA:0,BaseLLGaugeCompounderStrategy.setMinWethToSwap
DA:139,0
FNF:8
FNH:3
LF:29
LH:14
BRF:8
BRH:4
end_of_record
TN:
SF:src/CoveGaugeCompounderStrategy.sol
DA:28,9
FN:28,CoveGaugeCompounderStrategy.constructor
FNDA:9,CoveGaugeCompounderStrategy.constructor
DA:33,9
DA:38,9
DA:39,9
DA:45,0
FN:45,CoveGaugeCompounderStrategy.vaultsMaxWithdraw
FNDA:0,CoveGaugeCompounderStrategy.vaultsMaxWithdraw
DA:48,2838
DA:49,2838
DA:59,2469
FN:59,CoveGaugeCompounderStrategy._stake
FNDA:2469,CoveGaugeCompounderStrategy._stake
DA:60,2469
DA:64,2469
DA:65,2469
DA:71,2469
FN:71,CoveGaugeCompounderStrategy._unStake
FNDA:2469,CoveGaugeCompounderStrategy._unStake
DA:72,2469
DA:73,2469
DA:79,0
FN:79,CoveGaugeCompounderStrategy.balanceOfStake
FNDA:0,CoveGaugeCompounderStrategy.balanceOfStake
DA:80,1731
DA:81,1731
DA:87,1731
FN:87,CoveGaugeCompounderStrategy._claimDYfi
FNDA:1731,CoveGaugeCompounderStrategy._claimDYfi
DA:88,1731
FNF:6
FNH:4
LF:19
LH:17
BRF:0
BRH:0
end_of_record
TN:
SF:src/OneUpGaugeCompounderStrategy.sol
DA:33,9
FN:33,OneUpGaugeCompounderStrategy.constructor
FNDA:9,OneUpGaugeCompounderStrategy.constructor
DA:38,9
DA:39,9
DA:41,9
DA:47,0
FN:47,OneUpGaugeCompounderStrategy.vaultsMaxWithdraw
FNDA:0,OneUpGaugeCompounderStrategy.vaultsMaxWithdraw
DA:50,2720
DA:51,2720
DA:61,2392
FN:61,OneUpGaugeCompounderStrategy._stake
FNDA:2392,OneUpGaugeCompounderStrategy._stake
DA:62,2392
DA:66,2392
DA:72,2392
FN:72,OneUpGaugeCompounderStrategy._unStake
FNDA:2392,OneUpGaugeCompounderStrategy._unStake
DA:73,2392
DA:79,0
FN:79,OneUpGaugeCompounderStrategy.balanceOfStake
FNDA:0,OneUpGaugeCompounderStrategy.balanceOfStake
DA:80,1736
DA:81,1736
DA:85,1736
FN:85,OneUpGaugeCompounderStrategy._claimDYfi
FNDA:1736,OneUpGaugeCompounderStrategy._claimDYfi
DA:86,1736
DA:87,1736
DA:88,1736
FNF:6
FNH:4
LF:19
LH:17
BRF:0
BRH:0
end_of_record
TN:
SF:src/StakeDaoGaugeCompounderStrategy.sol
DA:28,9
FN:28,StakeDaoGaugeCompounderStrategy.constructor
FNDA:9,StakeDaoGaugeCompounderStrategy.constructor
DA:33,9
DA:36,9
DA:40,9
DA:49,0
FN:49,StakeDaoGaugeCompounderStrategy.vaultsMaxWithdraw
FNDA:0,StakeDaoGaugeCompounderStrategy.vaultsMaxWithdraw
DA:50,2698
DA:51,2698
DA:59,2363
FN:59,StakeDaoGaugeCompounderStrategy._stake
FNDA:2363,StakeDaoGaugeCompounderStrategy._stake
DA:60,2363
DA:70,2363
FN:70,StakeDaoGaugeCompounderStrategy._unStake
FNDA:2363,StakeDaoGaugeCompounderStrategy._unStake
DA:71,2363
DA:77,0
FN:77,StakeDaoGaugeCompounderStrategy.balanceOfStake
FNDA:0,StakeDaoGaugeCompounderStrategy.balanceOfStake
DA:78,1693
DA:82,1693
FN:82,StakeDaoGaugeCompounderStrategy._claimDYfi
FNDA:1693,StakeDaoGaugeCompounderStrategy._claimDYfi
DA:83,1693
FNF:6
FNH:4
LF:15
LH:13
BRF:0
BRH:0
end_of_record
TN:
SF:src/factories/BaseLLGaugeCompounderStrategyFactory.sol
DA:35,27
FN:35,BaseLLGaugeCompounderStrategyFactory.constructor
FNDA:27,BaseLLGaugeCompounderStrategyFactory.constructor
DA:41,27
DA:42,27
DA:43,27
DA:44,27
DA:64,0
FN:64,BaseLLGaugeCompounderStrategyFactory.setAddresses
FNDA:0,BaseLLGaugeCompounderStrategyFactory.setAddresses
DA:69,0
BRDA:69,0,0,-
BRDA:69,0,1,-
DA:70,0
DA:71,0
DA:72,0
DA:79,0
FN:79,BaseLLGaugeCompounderStrategyFactory.isDeployedStrategy
FNDA:0,BaseLLGaugeCompounderStrategyFactory.isDeployedStrategy
DA:82,0
DA:83,0
DA:85,0
DA:91,27
FN:91,BaseLLGaugeCompounderStrategyFactory.getGauge
FNDA:27,BaseLLGaugeCompounderStrategyFactory.getGauge
DA:92,27
DA:98,0
FN:98,BaseLLGaugeCompounderStrategyFactory.hasGauge
FNDA:0,BaseLLGaugeCompounderStrategyFactory.hasGauge
DA:99,0
FNF:5
FNH:2
LF:18
LH:7
BRF:2
BRH:0
end_of_record
TN:
SF:src/factories/CoveGaugeCompounderStrategyFactory.sol
DA:38,9
FN:38,CoveGaugeCompounderStrategyFactory.newStrategy
FNDA:9,CoveGaugeCompounderStrategyFactory.newStrategy
DA:43,9
DA:44,9
BRDA:44,0,0,-
BRDA:44,0,1,9
DA:45,9
BRDA:45,1,0,-
BRDA:45,1,1,9
DA:48,9
DA:58,9
DA:59,9
DA:60,9
DA:61,9
DA:63,9
DA:64,9
DA:65,9
FNF:1
FNH:1
LF:12
LH:12
BRF:4
BRH:2
end_of_record
TN:
SF:src/factories/LLGaugeCompounderStrategiesFactory.sol
DA:31,9
FN:31,LLGaugeCompounderStrategiesFactory.constructor
FNDA:9,LLGaugeCompounderStrategiesFactory.constructor
DA:36,9
DA:37,9
DA:38,9
DA:47,9
FN:47,LLGaugeCompounderStrategiesFactory.newStrategiesGroup
FNDA:9,LLGaugeCompounderStrategiesFactory.newStrategiesGroup
DA:52,9
DA:53,9
BRDA:53,0,0,-
BRDA:53,0,1,9
DA:55,9
DA:67,0
FN:67,LLGaugeCompounderStrategiesFactory.factories
FNDA:0,LLGaugeCompounderStrategiesFactory.factories
DA:68,0
DA:76,0
FN:76,LLGaugeCompounderStrategiesFactory.deployments
FNDA:0,LLGaugeCompounderStrategiesFactory.deployments
DA:77,1032
DA:93,1032
FN:93,LLGaugeCompounderStrategiesFactory.isDeployedStrategy
FNDA:1032,LLGaugeCompounderStrategiesFactory.isDeployedStrategy
DA:96,1032
DA:98,1032
DA:99,1032
DA:101,1032
DA:103,1032
DA:104,1032
FNF:5
FNH:3
LF:19
LH:16
BRF:2
BRH:1
end_of_record
TN:
SF:src/factories/OneUpGaugeCompounderStrategyFactory.sol
DA:38,9
FN:38,OneUpGaugeCompounderStrategyFactory.newStrategy
FNDA:9,OneUpGaugeCompounderStrategyFactory.newStrategy
DA:43,9
DA:44,9
BRDA:44,0,0,-
BRDA:44,0,1,9
DA:45,9
BRDA:45,1,0,-
BRDA:45,1,1,9
DA:48,9
DA:58,9
DA:59,9
DA:60,9
DA:61,9
DA:63,9
DA:64,9
DA:65,9
FNF:1
FNH:1
LF:12
LH:12
BRF:4
BRH:2
end_of_record
TN:
SF:src/factories/StakeDaoGaugeCompounderStrategyFactory.sol
DA:38,9
FN:38,StakeDaoGaugeCompounderStrategyFactory.newStrategy
FNDA:9,StakeDaoGaugeCompounderStrategyFactory.newStrategy
DA:43,9
DA:44,9
BRDA:44,0,0,-
BRDA:44,0,1,9
DA:45,9
BRDA:45,1,0,-
BRDA:45,1,1,9
DA:48,9
DA:58,9
DA:59,9
DA:60,9
DA:61,9
DA:63,9
DA:64,9
DA:65,9
FNF:1
FNH:1
LF:12
LH:12
BRF:4
BRH:2
end_of_record
TN:
SF:src/libraries/dYFIHelper.sol
DA:41,5160
FN:41,dYFIHelper.dumpToWeth
FNDA:5160,dYFIHelper.dumpToWeth
DA:42,5160
DA:49,0
FN:49,dYFIHelper.dumpToWeth
FNDA:0,dYFIHelper.dumpToWeth
DA:52,5160
DA:54,3766
DA:56,3766
DA:57,3766
DA:58,3766
BRDA:58,1,0,2399
BRDA:58,1,1,1367
DA:59,2399
DA:61,1367
DA:64,3766
BRDA:64,2,0,1032
BRDA:64,2,1,2734
DA:66,1032
DA:67,1032
DA:68,1032
DA:69,1032
DA:72,1032
DA:75,1032
DA:77,1032
DA:79,2734
DA:80,2734
DA:92,1032
FN:92,dYFIHelper.flashloanLogic
FNDA:1032,dYFIHelper.flashloanLogic
DA:94,1032
DA:100,1032
DA:103,1032
DA:106,1032
DA:109,1032
DA:112,1032
DA:115,1032
DA:123,4798
FN:123,dYFIHelper.approveSpend
FNDA:4798,dYFIHelper.approveSpend
DA:128,4798
FNF:4
FNH:3
LF:30
LH:29
BRF:4
BRH:4
end_of_record
TN:
SF:src/periphery/StrategyAprOracle.sol
DA:28,0
FN:28,StrategyAprOracle.aprAfterDebtChange
FNDA:0,StrategyAprOracle.aprAfterDebtChange
DA:34,0
FNF:1
FNH:0
LF:2
LH:0
BRF:0
BRH:0
end_of_record
TN:
SF:src/test/utils/ExtendedTest.sol
DA:8,0
FN:8,ExtendedTest.assertNeq
FNDA:0,ExtendedTest.assertNeq
DA:9,0
BRDA:9,0,0,-
DA:10,0
DA:11,0
DA:12,0
DA:13,0
DA:21,0
FN:21,ExtendedTest.assertRelApproxEq
FNDA:0,ExtendedTest.assertRelApproxEq
DA:26,0
DA:27,0
DA:29,0
BRDA:29,1,0,-
DA:30,0
DA:31,0
DA:32,0
DA:33,0
DA:34,0
DA:35,0
DA:41,0
FN:41,ExtendedTest.assertApproxEq
FNDA:0,ExtendedTest.assertApproxEq
DA:46,0
BRDA:46,2,0,-
BRDA:46,2,1,-
DA:47,0
BRDA:47,3,0,-
DA:48,0
DA:49,0
DA:50,0
DA:51,0
DA:54,0
BRDA:54,4,0,-
DA:55,0
DA:56,0
DA:57,0
DA:58,0
DA:64,0
FN:64,ExtendedTest.assertApproxEq
FNDA:0,ExtendedTest.assertApproxEq
DA:70,0
BRDA:70,5,0,-
BRDA:70,5,1,-
DA:71,0
BRDA:71,6,0,-
DA:72,0
DA:73,0
DA:74,0
DA:75,0
DA:78,0
BRDA:78,7,0,-
DA:79,0
DA:80,0
DA:81,0
DA:82,0
FNF:4
FNH:0
LF:40
LH:0
BRF:10
BRH:0
end_of_record
TN:
SF:src/test/utils/Setup.sol
DA:57,9
FN:57,Setup.setUp
FNDA:9,Setup.setUp
DA:58,9
DA:61,9
DA:62,9
DA:65,9
DA:67,9
DA:95,9
DA:102,9
DA:104,9
DA:107,9
DA:108,9
DA:109,9
DA:110,9
DA:111,9
DA:112,9
DA:115,0
FN:115,Setup.setUpStrategies
FNDA:0,Setup.setUpStrategies
DA:119,9
DA:120,9
DA:126,9
DA:127,9
DA:128,9
DA:129,9
DA:130,9
DA:131,9
DA:133,9
DA:134,9
DA:136,9
DA:137,9
DA:138,27
DA:139,27
DA:140,27
DA:142,9
DA:144,9
DA:147,0
FN:147,Setup.depositIntoStrategy
FNDA:0,Setup.depositIntoStrategy
DA:152,7224
DA:153,7224
DA:155,7224
DA:156,7224
DA:159,0
FN:159,Setup.mintAndDepositIntoStrategy
FNDA:0,Setup.mintAndDepositIntoStrategy
DA:164,7224
DA:165,7224
DA:169,0
FN:169,Setup.checkStrategyTotals
FNDA:0,Setup.checkStrategyTotals
DA:175,0
DA:176,0
DA:179,0
DA:180,0
DA:181,0
DA:182,0
DA:183,0
DA:184,0
DA:187,0
FN:187,Setup.airdrop
FNDA:0,Setup.airdrop
DA:188,8256
DA:189,8256
DA:192,0
FN:192,Setup.airdropDYFI
FNDA:0,Setup.airdropDYFI
DA:193,3096
DA:194,3096
DA:195,3096
DA:198,0
FN:198,Setup.maxDYFI
FNDA:0,Setup.maxDYFI
DA:199,3096
DA:200,3096
DA:219,9
FN:219,Setup._setTokenAddrs
FNDA:9,Setup._setTokenAddrs
DA:220,9
DA:221,9
DA:222,9
DA:223,9
DA:226,9288
FN:226,Setup._isFixtureStrategy
FNDA:9288,Setup._isFixtureStrategy
DA:229,9288
DA:230,18471
DA:232,0
FNF:10
FNH:3
LF:69
LH:53
BRF:0
BRH:0
end_of_record
